d:\graphics project\meaz-problem-solving-how-conrol-object - copy\meaz-problem-solving-how-conrol-object\debug\vc143.pdb
d:\graphics project\meaz-problem-solving-how-conrol-object - copy\meaz-problem-solving-how-conrol-object\debug\vc143.idb
d:\graphics project\meaz-problem-solving-how-conrol-object - copy\meaz-problem-solving-how-conrol-object\debug\secondcube.obj
d:\graphics project\meaz-problem-solving-how-conrol-object - copy\meaz-problem-solving-how-conrol-object\debug\mazedraw.obj
d:\graphics project\meaz-problem-solving-how-conrol-object - copy\meaz-problem-solving-how-conrol-object\debug\lights.obj
d:\graphics project\meaz-problem-solving-how-conrol-object - copy\meaz-problem-solving-how-conrol-object\debug\globals.obj
d:\graphics project\meaz-problem-solving-how-conrol-object - copy\meaz-problem-solving-how-conrol-object\debug\getmazearray.obj
d:\graphics project\meaz-problem-solving-how-conrol-object - copy\meaz-problem-solving-how-conrol-object\debug\flow.obj
d:\graphics project\meaz-problem-solving-how-conrol-object - copy\meaz-problem-solving-how-conrol-object\debug\controller.obj
d:\graphics project\meaz-problem-solving-how-conrol-object - copy\meaz-problem-solving-how-conrol-object\debug\code.obj
d:\graphics project\meaz-problem-solving-how-conrol-object - copy\meaz-problem-solving-how-conrol-object\debug\api.obj
d:\graphics project\meaz-problem-solving-how-conrol-object - copy\debug\meaz-problem-solving-how-conrol-object.exe
d:\graphics project\meaz-problem-solving-how-conrol-object - copy\debug\meaz-problem-solving-how-conrol-object.pdb
d:\graphics project\meaz-problem-solving-how-conrol-object - copy\meaz-problem-solving-how-conrol-object\debug\meaz-problem-solving-how-conrol-object.ilk
d:\graphics project\meaz-problem-solving-how-conrol-object - copy\meaz-problem-solving-how-conrol-object\debug\meaz-pro.f0d92002.tlog\cl.command.1.tlog
d:\graphics project\meaz-problem-solving-how-conrol-object - copy\meaz-problem-solving-how-conrol-object\debug\meaz-pro.f0d92002.tlog\cl.items.tlog
d:\graphics project\meaz-problem-solving-how-conrol-object - copy\meaz-problem-solving-how-conrol-object\debug\meaz-pro.f0d92002.tlog\cl.read.1.tlog
d:\graphics project\meaz-problem-solving-how-conrol-object - copy\meaz-problem-solving-how-conrol-object\debug\meaz-pro.f0d92002.tlog\cl.write.1.tlog
d:\graphics project\meaz-problem-solving-how-conrol-object - copy\meaz-problem-solving-how-conrol-object\debug\meaz-pro.f0d92002.tlog\link.command.1.tlog
d:\graphics project\meaz-problem-solving-how-conrol-object - copy\meaz-problem-solving-how-conrol-object\debug\meaz-pro.f0d92002.tlog\link.read.1.tlog
d:\graphics project\meaz-problem-solving-how-conrol-object - copy\meaz-problem-solving-how-conrol-object\debug\meaz-pro.f0d92002.tlog\link.secondary.1.tlog
d:\graphics project\meaz-problem-solving-how-conrol-object - copy\meaz-problem-solving-how-conrol-object\debug\meaz-pro.f0d92002.tlog\link.write.1.tlog
